2025-09-18 14:27:47,336 - 
Summary Table for All Batch Sizes:
2025-09-18 14:27:47,336 - Batch Size	Mode	End-to-End Time (s)	Avg Request Time (s)	Throughput (req/s)	Avg GPU Util (%)	Avg Mem Util (%)	Avg Mem Used (MB)
2025-09-18 14:27:47,337 - 8	serial	101.56210071148237	0	0.04923096278014178	0.0	0.0	29094.0
2025-09-18 14:27:47,337 - 8	parallel	102.51401077352466	0	0.04877382088821076	0.0	0.0	29094.0
2025-09-18 14:27:47,337 - Results saved to CSV: example/hf_two_models_poisson.csv
2025-09-18 14:27:47,971 - Batch size performance plot generated at: example/hf_two_models_poisson_batch_plot.png
2025-09-18 14:33:28,964 - 
Summary Table for All Batch Sizes:
2025-09-18 14:33:28,965 - Batch Size	Mode	End-to-End Time (s)	Avg Request Time (s)	Throughput (req/s)	Avg GPU Util (%)	Avg Mem Util (%)	Avg Mem Used (MB)
2025-09-18 14:33:28,965 - 8	serial	102.13386894701992	0	0.04895535684243646	0.0	0.0	4.0
2025-09-18 14:33:28,965 - 8	parallel	100.4889719363681	0	0.049756703682530594	0.0	0.0	4.0
2025-09-18 14:33:28,965 - Results saved to CSV: example/hf_two_models_poisson.csv
2025-09-18 14:33:29,663 - Batch size performance plot generated at: example/hf_two_models_poisson_batch_plot.png
2025-09-18 14:41:25,771 - 
Summary Table for All Batch Sizes:
2025-09-18 14:41:25,772 - Batch Size	Mode	End-to-End Time (s)	Avg Request Time (s)	Throughput (req/s)	Avg GPU Util (%)	Avg Mem Util (%)	Avg Mem Used (MB)
2025-09-18 14:41:25,772 - 8	serial	1758177669.1184454	0	3.6401326853440104e-08	0.0	0.0	0.00390625
2025-09-18 14:41:25,772 - 8	parallel	1758177684.2521257	0	3.640132654011225e-08	0.0	0.0	0.00390625
2025-09-18 14:41:25,773 - Results saved to CSV: example/hf_two_models_poisson.csv
2025-09-18 14:41:29,152 - Batch size performance plot generated at: example/hf_two_models_poisson_batch_plot.png
2025-09-18 14:46:34,254 - 
Summary Table for All Batch Sizes:
2025-09-18 14:46:34,255 - Batch Size	Mode	End-to-End Time (s)	Avg Request Time (s)	Throughput (req/s)	Avg GPU Util (%)	Avg Mem Util (%)	Avg Mem Used (MB)
2025-09-18 14:46:34,255 - 8	serial	52.08034607672974	14.641916657709583	1.2288704822680918	0.0	0.0	0.00390625
2025-09-18 14:46:34,255 - 8	parallel	43.10414144442354	10.56820132580167	1.4847761225570077	0.0	0.0	0.00390625
2025-09-18 14:46:34,266 - Results saved to CSV: example/hf_two_models_poisson.csv
2025-09-18 14:46:42,462 - Batch size performance plot generated at: example/hf_two_models_poisson_batch_plot.png
2025-09-18 14:50:55,107 - 
Summary Table for All Batch Sizes:
2025-09-18 14:50:55,108 - Batch Size	Mode	End-to-End Time (s)	Avg Request Time (s)	Throughput (req/s)	Avg GPU Util (%)	Avg Mem Util (%)	Avg Mem Used (MB)
2025-09-18 14:50:55,108 - 8	serial	42.00585026278143	14.811523371335234	1.5235972989387652	0.0	0.0	0.00390625
2025-09-18 14:50:55,108 - 8	parallel	40.93626491026752	10.893827600555717	1.5634059467879715	0.0	0.0	0.00390625
2025-09-18 14:50:55,109 - Results saved to CSV: example/hf_two_models_poisson.csv
2025-09-18 14:51:01,670 - Batch size performance plot generated at: example/hf_two_models_poisson_batch_plot.png
2025-09-18 14:56:35,558 - 
Summary Table for All Batch Sizes:
2025-09-18 14:56:35,561 - Batch Size	Mode	End-to-End Time (s)	Avg Request Time (s)	Throughput (req/s)	Avg GPU Util (%)	Avg Mem Util (%)	Avg Mem Used (MB)
2025-09-18 14:56:35,561 - 8	serial	40.605234810034794	14.108239311686134	1.5761514568112691	42.11469534050179	23.89605734767025	28.4921875
2025-09-18 14:56:35,561 - 8	parallel	35.52097144709294	11.59345878026506	1.8017525251336504	45.76548672566372	29.11946902654867	29.019246059181416
2025-09-18 14:56:35,562 - Results saved to CSV: example/hf_two_models_poisson.csv
2025-09-18 14:56:41,798 - Batch size performance plot generated at: example/hf_two_models_poisson_batch_plot.png
2025-09-18 15:09:36,951 - 
Summary Table for All Batch Sizes:
2025-09-18 15:09:36,954 - Batch Size	Mode	End-to-End Time (s)	Avg Request Time (s)	Throughput (req/s)	Avg GPU Util (%)	Avg Mem Util (%)	Avg Mem Used (MB)
2025-09-18 15:09:36,954 - 1	serial	56.53238094774593	14.51113769260313	2.2641890869290133	40.747549019607845	22.78186274509804	28.488017961090687
2025-09-18 15:09:36,954 - 1	parallel	63.147875828553914	11.198588545493989	2.0269882133093313	47.55555555555556	30.257861635220127	29.67631354821803
2025-09-18 15:09:36,954 - 2	serial	64.29808165485528	13.739157025848225	1.9907281322495638	44.59910913140312	25.378619153674833	30.830078125
2025-09-18 15:09:36,954 - 2	parallel	61.12469754821657	12.02184182762467	2.0940798913406593	46.953229398663694	29.988864142538976	31.934307140868597
2025-09-18 15:09:36,954 - 4	serial	66.36547005493178	14.183008790134087	1.9287138310638396	43.47826086956522	24.66521739130435	33.259765625
2025-09-18 15:09:36,954 - 4	parallel	66.20938236463446	9.984436443275548	1.933260746869175	54.205882352941174	34.819327731092436	33.38014541754202
2025-09-18 15:09:36,954 - 8	serial	58.83627795861619	13.879258128633516	2.1755285079391267	44.56971153846154	25.03846153846154	33.744140625
2025-09-18 15:09:36,954 - 8	parallel	59.27844822266637	9.536192078288405	2.15930078869805	55.75578406169666	35.65809768637532	33.91183322622108
2025-09-18 15:09:36,954 - 16	serial	59.46380616411168	13.625110663771594	2.152569911968604	44.94444444444444	25.12878787878788	34.056640625
2025-09-18 15:09:36,955 - 16	parallel	63.495985331341984	10.106259139646175	2.0158754814506117	55.38586956521739	35.20923913043478	34.15885062839674
2025-09-18 15:09:36,955 - 32	serial	55.129123299196316	15.020687807324897	2.3218217947221738	46.35658914728682	25.375968992248062	34.3671875
2025-09-18 15:09:36,955 - 32	parallel	49.13502833663932	11.7940997212784	2.6050661683358007	54.16589861751152	33.764976958525345	34.78233906970046
2025-09-18 15:09:36,955 - 64	serial	58.017670420864484	21.3681613013286	2.206224398040778	50.909774436090224	27.984962406015036	35.384765625
2025-09-18 15:09:36,955 - 64	parallel	56.41814693978309	19.808990125644023	2.2687735585611937	53.02479338842975	33.29752066115702	36.859310433884296
2025-09-18 15:09:36,955 - 128	serial	63.75567534034282	35.7311116150957	2.007664405038545	55.945205479452056	31.041095890410958	38.843589469178085
2025-09-18 15:09:36,955 - 128	parallel	54.673943117321784	31.91483399374062	2.3411517937407935	60.68493150684932	37.465753424657535	41.522527825342465
2025-09-18 15:09:36,955 - Results saved to CSV: example/hf_two_models_poisson.csv
2025-09-18 15:31:53,485 - 
Summary Table for All Batch Sizes:
2025-09-18 15:31:53,485 - Batch Size	Mode	End-to-End Time (s)	Avg Request Time (s)	Throughput (req/s)	Avg GPU Util (%)	Avg Mem Util (%)	Avg Mem Used (MB)
2025-09-18 15:31:53,485 - 1	serial	65.45048499107361	14.700592364590683	1.955676875694002	40.47912524850894	22.836978131212724	29174.091451292246
2025-09-18 15:31:53,486 - 1	parallel	58.20231342315674	11.533682471932366	2.1992252965854293	46.34505494505495	29.279120879120878	30374.821978021977
2025-09-18 15:31:53,486 - 2	serial	66.21840770409975	14.300274787812546	1.9329972501298185	42.83469387755102	24.289795918367346	31692.0
2025-09-18 15:31:53,486 - 2	parallel	67.12856413328909	11.167108503073308	1.9067888856649138	47.7007874015748	30.433070866141733	32791.700787401576
2025-09-18 15:31:53,486 - 4	serial	56.089712553453204	14.433348362535934	2.2820584055947277	44.42574257425743	24.97772277227723	34046.0
2025-09-18 15:31:53,486 - 4	parallel	67.10701411566558	9.969393426861522	1.9074012111368766	54.53488372093023	34.890063424947144	34162.16490486258
2025-09-18 15:31:53,486 - 8	serial	58.41250981107239	13.845356000841885	2.1913114230838433	44.05568445475638	24.726218097447795	34460.0
2025-09-18 15:31:53,486 - 8	parallel	59.01550381579985	10.475514464329338	2.1689215837166396	52.17574257425743	33.18069306930693	34766.85643564357
2025-09-18 15:31:53,486 - 16	serial	62.2399999321642	13.904700807690592	2.0565552721643328	43.62149532710281	24.41822429906542	35142.0
2025-09-18 15:31:53,486 - 16	parallel	52.27230159851882	9.929267799264533	2.448715592879633	55.417647058823526	35.06470588235294	35188.81176470588
2025-09-18 15:31:53,486 - 32	serial	54.52714426441886	14.811179865084206	2.347454680173396	45.929577464788736	25.158450704225352	35316.0
2025-09-18 15:31:53,486 - 32	parallel	51.95818147800506	12.65477130196603	2.4635196298043067	54.54245283018868	33.910377358490564	35971.95283018868
2025-09-18 15:31:53,486 - 64	serial	61.11088598876882	21.80866576961727	2.094553170502622	47.59154929577465	26.190140845070424	36688.0
2025-09-18 15:31:53,486 - 64	parallel	55.95947238684332	19.849399576988574	2.2873696720216787	55.65909090909091	34.803030303030305	38090.333333333336
2025-09-18 15:31:53,486 - 128	serial	73.01629797224751	40.91540153941594	1.7530332755113254	44.96875	25.03125	40081.916666666664
2025-09-18 15:31:53,487 - 128	parallel	61.592793545079836	34.86617039252059	2.07816519811391	60.417910447761194	37.56716417910448	42644.388059701494
2025-09-18 15:31:53,487 - Results saved to CSV: example/hf_two_models_poisson.csv
2025-09-18 15:31:54,596 - Batch size performance plot generated at: example/hf_two_models_poisson_batch_plot.png
2025-09-18 15:36:04,458 - GPU stats collection failed: Command '['nvidia-smi', '-i', '1', '--query-gpu=utilization.gpu,utilization.memory,memory.used', '--format=csv,noheader,nounits']' died with <Signals.SIGINT: 2>.
2025-09-18 16:27:08,297 - 
Summary Table for All Batch Sizes:
2025-09-18 16:27:08,298 - Batch Size	Mode	End-to-End Time (s)	Avg Request Time (s)	Throughput (req/s)	Avg GPU Util (%)	Avg Mem Util (%)	Avg Mem Used (MB)
2025-09-18 16:27:08,298 - 1	serial	275.760000705719	13.995247857162108	1.856686969428854	43.47404172731684	24.55992236778263	29180.354196991753
2025-09-18 16:27:08,298 - 1	parallel	250.9606578350067	10.689669179188659	2.040160415648148	50.37740760020822	32.0801665799063	32909.779281624156
2025-09-18 16:27:08,298 - 2	serial	247.9527462040715	14.590960944194414	2.064909575869794	43.033482142857146	24.211495535714285	34516.0
2025-09-18 16:27:08,299 - 2	parallel	259.7507018417542	9.84200195726974	1.9711207568244475	54.938311688311686	35.163419913419915	34773.86147186147
2025-09-18 16:27:08,299 - 4	serial	268.4757006001426	13.757419661744787	1.9070627205944166	44.17314670813893	24.94504924831519	35014.0
2025-09-18 16:27:08,299 - 4	parallel	243.0809435915666	9.717872401884822	2.106294275623189	55.25689655172414	35.214942528735634	35180.01264367816
2025-09-18 16:27:08,299 - 8	serial	277.0378777779447	14.067466735994113	1.8481227336371147	43.001525165226234	24.28622267412303	35298.0
2025-09-18 16:27:08,299 - 8	parallel	281.14470711635346	9.694102040442289	1.8211262280250067	55.09753539590981	35.30833770319874	35354.7194546408
2025-09-18 16:27:08,299 - 16	serial	283.7222408769963	14.015982632880498	1.804581827696653	43.8015	24.719	35366.0
2025-09-18 16:27:08,299 - 16	parallel	260.60811232260346	10.402326942574057	1.9646356954775135	56.322557976106815	35.66830639494027	35535.730147575545
2025-09-18 16:27:08,300 - 32	serial	261.8662352070919	17.025956455155658	1.9551967041306206	47.36656891495601	25.977517106549364	35622.0
2025-09-18 16:27:08,300 - 32	parallel	288.9868504026437	15.38181253982971	1.7717069108391381	54.61880559085134	33.96060991105464	38096.55654383736
2025-09-18 16:27:08,300 - 64	serial	262.5860208509812	24.898192131898696	1.9498372317792287	48.93928571428572	26.819642857142856	40506.0
2025-09-18 16:27:08,300 - 64	parallel	240.68251324300735	21.430130469712797	2.1272837527795567	57.17937219730942	35.85201793721973	45781.533632287
2025-09-18 16:27:08,300 - 128	serial	268.50921813839875	41.92947011759121	1.9068246652749845	60.285185185185185	33.43703703703704	51789.955555555556
2025-09-18 16:27:08,300 - 128	parallel	271.51845589498663	42.23014783566964	1.8856913365698529	60.08614232209738	37.01498127340824	64247.34082397004
2025-09-18 16:27:08,394 - Results saved to CSV: example/hf_two_models_poisson.csv
2025-09-18 16:27:09,415 - Batch size performance plot generated at: example/hf_two_models_poisson_batch_plot.png
2025-09-18 16:41:35,899 - GPU stats collection failed: name 'device' is not defined
2025-09-18 16:41:35,985 - GPU stats collection failed: name 'device' is not defined
2025-09-18 16:41:36,068 - GPU stats collection failed: name 'device' is not defined
2025-09-18 16:41:36,141 - GPU stats collection failed: name 'device' is not defined
2025-09-18 16:41:36,216 - GPU stats collection failed: name 'device' is not defined
2025-09-18 16:41:36,289 - GPU stats collection failed: name 'device' is not defined
2025-09-18 16:41:36,439 - GPU stats collection failed: name 'device' is not defined
2025-09-18 16:41:36,512 - GPU stats collection failed: name 'device' is not defined
2025-09-18 16:41:36,584 - GPU stats collection failed: name 'device' is not defined
2025-09-18 16:41:36,657 - GPU stats collection failed: name 'device' is not defined
2025-09-18 16:41:36,749 - GPU stats collection failed: name 'device' is not defined
2025-09-18 16:41:36,822 - GPU stats collection failed: name 'device' is not defined
2025-09-18 16:41:36,897 - GPU stats collection failed: name 'device' is not defined
2025-09-18 16:41:37,359 - GPU stats collection failed: name 'device' is not defined
2025-09-18 16:41:37,487 - GPU stats collection failed: name 'device' is not defined
2025-09-18 16:41:37,561 - GPU stats collection failed: name 'device' is not defined
2025-09-18 16:41:37,634 - GPU stats collection failed: name 'device' is not defined
2025-09-18 16:41:37,710 - GPU stats collection failed: name 'device' is not defined
2025-09-18 16:41:37,828 - GPU stats collection failed: name 'device' is not defined
2025-09-18 16:41:37,947 - GPU stats collection failed: name 'device' is not defined
2025-09-18 16:41:38,069 - GPU stats collection failed: name 'device' is not defined
2025-09-18 16:41:38,186 - GPU stats collection failed: name 'device' is not defined
2025-09-18 16:41:38,283 - GPU stats collection failed: name 'device' is not defined
2025-09-18 16:41:38,360 - GPU stats collection failed: name 'device' is not defined
2025-09-18 16:41:38,796 - GPU stats collection failed: name 'device' is not defined
2025-09-18 16:41:39,372 - GPU stats collection failed: name 'device' is not defined
2025-09-18 16:41:39,669 - GPU stats collection failed: name 'device' is not defined
2025-09-18 16:41:39,759 - GPU stats collection failed: name 'device' is not defined
2025-09-18 16:41:39,811 - GPU stats collection failed: Command '['nvidia-smi', '-i', '1', '--query-gpu=utilization.gpu,utilization.memory,memory.used', '--format=csv,noheader,nounits']' died with <Signals.SIGINT: 2>.
2025-09-18 16:43:18,467 - Torch allocated: 27018.41064453125 MiB
2025-09-18 16:43:18,560 - Torch allocated: 27018.41064453125 MiB
2025-09-18 16:43:18,677 - Torch allocated: 27018.41064453125 MiB
2025-09-18 16:43:18,973 - Torch allocated: 27026.55419921875 MiB
2025-09-18 16:43:19,134 - Torch allocated: 27026.552734375 MiB
2025-09-18 16:43:19,212 - Torch allocated: 27026.5703125 MiB
2025-09-18 16:43:19,689 - Torch allocated: 27027.33740234375 MiB
2025-09-18 16:43:19,806 - Torch allocated: 27027.732421875 MiB
2025-09-18 16:43:20,138 - Torch allocated: 27028.90380859375 MiB
2025-09-18 16:43:20,373 - Torch allocated: 27029.79833984375 MiB
2025-09-18 16:43:20,485 - Torch allocated: 27030.17724609375 MiB
2025-09-18 16:43:20,580 - Torch allocated: 27030.47265625 MiB
2025-09-18 16:43:20,694 - Torch allocated: 27030.96044921875 MiB
2025-09-18 16:43:21,240 - Torch allocated: 27032.455078125 MiB
2025-09-18 16:43:21,358 - Torch allocated: 27032.88427734375 MiB
2025-09-18 16:43:21,449 - Torch allocated: 27033.19287109375 MiB
2025-09-18 16:43:22,013 - Torch allocated: 27035.3662109375 MiB
2025-09-18 16:43:22,107 - Torch allocated: 27035.451171875 MiB
2025-09-18 16:43:22,182 - Torch allocated: 27035.451171875 MiB
2025-09-18 20:20:11,932 - 
Summary Table for All Batch Sizes:
2025-09-18 20:20:11,932 - Batch Size	Mode	End-to-End Time (s)	Avg Request Time (s)	Throughput (req/s)	Avg GPU Util (%)	Avg Mem Util (%)	Avg Mem Used (MiB)
2025-09-18 20:20:11,946 - Results saved to CSV: example/hf_two_models_poisson.csv
2025-09-19 14:05:16,699 - 
Summary Table for All Batch Sizes:
2025-09-19 14:05:16,700 - Batch Size	Mode	End-to-End Time (s)	Avg Request Time (s)	Throughput (req/s)	Avg GPU Util (%)	Avg Mem Util (%)	Avg Mem Used (MiB)
2025-09-19 14:05:16,700 - 1	serial	264.26 ± 8.92	120.99 ± 2.70	1.94 ± 0.07	44.31 ± 0.31	26.43 ± 0.22	52649.37 ± 18537.33
2025-09-19 14:05:16,700 - 1	parallel	260.82 ± 5.26	122.42 ± 2.89	1.96 ± 0.04	45.71 ± 0.71	27.47 ± 0.39	54913.45 ± 10343.05
2025-09-19 14:05:16,700 - 2	serial	271.63 ± 1.87	126.52 ± 5.36	1.88 ± 0.01	43.82 ± 0.43	26.09 ± 0.28	51096.42 ± 13552.93
2025-09-19 14:05:16,700 - 2	parallel	273.69 ± 5.96	125.29 ± 4.01	1.87 ± 0.04	52.31 ± 0.14	34.66 ± 0.08	54913.61 ± 11804.99
2025-09-19 14:05:16,700 - 4	serial	286.26 ± 15.02	116.65 ± 5.66	1.79 ± 0.09	44.07 ± 0.72	25.29 ± 0.37	49857.63 ± 13658.26
2025-09-19 14:05:16,700 - 4	parallel	273.14 ± 8.07	103.35 ± 1.28	1.88 ± 0.05	51.82 ± 0.21	33.15 ± 0.16	57710.67 ± 12232.00
2025-09-19 14:05:16,700 - 8	serial	274.29 ± 3.29	83.72 ± 2.27	1.87 ± 0.02	44.02 ± 0.44	25.18 ± 0.28	57222.72 ± 14062.87
2025-09-19 14:05:16,700 - 8	parallel	261.48 ± 4.58	63.40 ± 3.98	1.96 ± 0.03	52.73 ± 2.21	33.83 ± 1.48	62815.05 ± 10365.14
2025-09-19 14:05:16,701 - 16	serial	261.05 ± 16.51	31.68 ± 0.89	1.97 ± 0.12	44.49 ± 0.37	25.19 ± 0.21	77308.70 ± 944.33
2025-09-19 14:05:16,701 - 16	parallel	257.02 ± 10.99	10.06 ± 0.39	2.00 ± 0.08	55.87 ± 0.51	35.76 ± 0.32	77786.57 ± 314.49
2025-09-19 14:05:16,701 - 32	serial	258.83 ± 6.92	11.55 ± 0.22	1.98 ± 0.05	44.00 ± 0.57	24.81 ± 0.29	78314.67 ± 240.05
2025-09-19 14:05:16,701 - 32	parallel	248.98 ± 2.95	9.45 ± 0.05	2.06 ± 0.02	55.87 ± 0.08	35.71 ± 0.07	78438.94 ± 244.16
2025-09-19 14:05:16,701 - 64	serial	277.93 ± 5.68	11.58 ± 0.11	1.84 ± 0.04	44.11 ± 0.53	24.93 ± 0.30	78992.00 ± 118.79
2025-09-19 14:05:16,701 - 64	parallel	264.03 ± 12.23	9.50 ± 0.05	1.94 ± 0.09	55.72 ± 0.15	35.68 ± 0.12	79052.77 ± 65.95
2025-09-19 14:05:16,701 - 128	serial	277.27 ± 12.03	11.32 ± 0.05	1.85 ± 0.08	44.65 ± 0.13	25.28 ± 0.11	79152.00 ± 0.00
2025-09-19 14:05:16,701 - 128	parallel	261.46 ± 13.69	9.41 ± 0.08	1.96 ± 0.10	55.91 ± 0.24	35.79 ± 0.12	79153.49 ± 2.11
2025-09-19 14:05:16,989 - Results saved to CSV: example/hf_two_models_poisson.csv
2025-09-19 14:05:17,783 - Batch size performance plot generated at: example/hf_two_models_poisson_batch_plot.png
