2025-09-18 14:27:47,336 - 
Summary Table for All Batch Sizes:
2025-09-18 14:27:47,336 - Batch Size	Mode	End-to-End Time (s)	Avg Request Time (s)	Throughput (req/s)	Avg GPU Util (%)	Avg Mem Util (%)	Avg Mem Used (MB)
2025-09-18 14:27:47,337 - 8	serial	101.56210071148237	0	0.04923096278014178	0.0	0.0	29094.0
2025-09-18 14:27:47,337 - 8	parallel	102.51401077352466	0	0.04877382088821076	0.0	0.0	29094.0
2025-09-18 14:27:47,337 - Results saved to CSV: example/hf_two_models_poisson.csv
2025-09-18 14:27:47,971 - Batch size performance plot generated at: example/hf_two_models_poisson_batch_plot.png
2025-09-18 14:33:28,964 - 
Summary Table for All Batch Sizes:
2025-09-18 14:33:28,965 - Batch Size	Mode	End-to-End Time (s)	Avg Request Time (s)	Throughput (req/s)	Avg GPU Util (%)	Avg Mem Util (%)	Avg Mem Used (MB)
2025-09-18 14:33:28,965 - 8	serial	102.13386894701992	0	0.04895535684243646	0.0	0.0	4.0
2025-09-18 14:33:28,965 - 8	parallel	100.4889719363681	0	0.049756703682530594	0.0	0.0	4.0
2025-09-18 14:33:28,965 - Results saved to CSV: example/hf_two_models_poisson.csv
2025-09-18 14:33:29,663 - Batch size performance plot generated at: example/hf_two_models_poisson_batch_plot.png
2025-09-18 14:41:25,771 - 
Summary Table for All Batch Sizes:
2025-09-18 14:41:25,772 - Batch Size	Mode	End-to-End Time (s)	Avg Request Time (s)	Throughput (req/s)	Avg GPU Util (%)	Avg Mem Util (%)	Avg Mem Used (MB)
2025-09-18 14:41:25,772 - 8	serial	1758177669.1184454	0	3.6401326853440104e-08	0.0	0.0	0.00390625
2025-09-18 14:41:25,772 - 8	parallel	1758177684.2521257	0	3.640132654011225e-08	0.0	0.0	0.00390625
2025-09-18 14:41:25,773 - Results saved to CSV: example/hf_two_models_poisson.csv
2025-09-18 14:41:29,152 - Batch size performance plot generated at: example/hf_two_models_poisson_batch_plot.png
2025-09-18 14:46:34,254 - 
Summary Table for All Batch Sizes:
2025-09-18 14:46:34,255 - Batch Size	Mode	End-to-End Time (s)	Avg Request Time (s)	Throughput (req/s)	Avg GPU Util (%)	Avg Mem Util (%)	Avg Mem Used (MB)
2025-09-18 14:46:34,255 - 8	serial	52.08034607672974	14.641916657709583	1.2288704822680918	0.0	0.0	0.00390625
2025-09-18 14:46:34,255 - 8	parallel	43.10414144442354	10.56820132580167	1.4847761225570077	0.0	0.0	0.00390625
2025-09-18 14:46:34,266 - Results saved to CSV: example/hf_two_models_poisson.csv
2025-09-18 14:46:42,462 - Batch size performance plot generated at: example/hf_two_models_poisson_batch_plot.png
2025-09-18 14:50:55,107 - 
Summary Table for All Batch Sizes:
2025-09-18 14:50:55,108 - Batch Size	Mode	End-to-End Time (s)	Avg Request Time (s)	Throughput (req/s)	Avg GPU Util (%)	Avg Mem Util (%)	Avg Mem Used (MB)
2025-09-18 14:50:55,108 - 8	serial	42.00585026278143	14.811523371335234	1.5235972989387652	0.0	0.0	0.00390625
2025-09-18 14:50:55,108 - 8	parallel	40.93626491026752	10.893827600555717	1.5634059467879715	0.0	0.0	0.00390625
2025-09-18 14:50:55,109 - Results saved to CSV: example/hf_two_models_poisson.csv
2025-09-18 14:51:01,670 - Batch size performance plot generated at: example/hf_two_models_poisson_batch_plot.png
2025-09-18 14:56:35,558 - 
Summary Table for All Batch Sizes:
2025-09-18 14:56:35,561 - Batch Size	Mode	End-to-End Time (s)	Avg Request Time (s)	Throughput (req/s)	Avg GPU Util (%)	Avg Mem Util (%)	Avg Mem Used (MB)
2025-09-18 14:56:35,561 - 8	serial	40.605234810034794	14.108239311686134	1.5761514568112691	42.11469534050179	23.89605734767025	28.4921875
2025-09-18 14:56:35,561 - 8	parallel	35.52097144709294	11.59345878026506	1.8017525251336504	45.76548672566372	29.11946902654867	29.019246059181416
2025-09-18 14:56:35,562 - Results saved to CSV: example/hf_two_models_poisson.csv
2025-09-18 14:56:41,798 - Batch size performance plot generated at: example/hf_two_models_poisson_batch_plot.png
2025-09-18 15:09:36,951 - 
Summary Table for All Batch Sizes:
2025-09-18 15:09:36,954 - Batch Size	Mode	End-to-End Time (s)	Avg Request Time (s)	Throughput (req/s)	Avg GPU Util (%)	Avg Mem Util (%)	Avg Mem Used (MB)
2025-09-18 15:09:36,954 - 1	serial	56.53238094774593	14.51113769260313	2.2641890869290133	40.747549019607845	22.78186274509804	28.488017961090687
2025-09-18 15:09:36,954 - 1	parallel	63.147875828553914	11.198588545493989	2.0269882133093313	47.55555555555556	30.257861635220127	29.67631354821803
2025-09-18 15:09:36,954 - 2	serial	64.29808165485528	13.739157025848225	1.9907281322495638	44.59910913140312	25.378619153674833	30.830078125
2025-09-18 15:09:36,954 - 2	parallel	61.12469754821657	12.02184182762467	2.0940798913406593	46.953229398663694	29.988864142538976	31.934307140868597
2025-09-18 15:09:36,954 - 4	serial	66.36547005493178	14.183008790134087	1.9287138310638396	43.47826086956522	24.66521739130435	33.259765625
2025-09-18 15:09:36,954 - 4	parallel	66.20938236463446	9.984436443275548	1.933260746869175	54.205882352941174	34.819327731092436	33.38014541754202
2025-09-18 15:09:36,954 - 8	serial	58.83627795861619	13.879258128633516	2.1755285079391267	44.56971153846154	25.03846153846154	33.744140625
2025-09-18 15:09:36,954 - 8	parallel	59.27844822266637	9.536192078288405	2.15930078869805	55.75578406169666	35.65809768637532	33.91183322622108
2025-09-18 15:09:36,954 - 16	serial	59.46380616411168	13.625110663771594	2.152569911968604	44.94444444444444	25.12878787878788	34.056640625
2025-09-18 15:09:36,955 - 16	parallel	63.495985331341984	10.106259139646175	2.0158754814506117	55.38586956521739	35.20923913043478	34.15885062839674
2025-09-18 15:09:36,955 - 32	serial	55.129123299196316	15.020687807324897	2.3218217947221738	46.35658914728682	25.375968992248062	34.3671875
2025-09-18 15:09:36,955 - 32	parallel	49.13502833663932	11.7940997212784	2.6050661683358007	54.16589861751152	33.764976958525345	34.78233906970046
2025-09-18 15:09:36,955 - 64	serial	58.017670420864484	21.3681613013286	2.206224398040778	50.909774436090224	27.984962406015036	35.384765625
2025-09-18 15:09:36,955 - 64	parallel	56.41814693978309	19.808990125644023	2.2687735585611937	53.02479338842975	33.29752066115702	36.859310433884296
2025-09-18 15:09:36,955 - 128	serial	63.75567534034282	35.7311116150957	2.007664405038545	55.945205479452056	31.041095890410958	38.843589469178085
2025-09-18 15:09:36,955 - 128	parallel	54.673943117321784	31.91483399374062	2.3411517937407935	60.68493150684932	37.465753424657535	41.522527825342465
2025-09-18 15:09:36,955 - Results saved to CSV: example/hf_two_models_poisson.csv
2025-09-18 15:31:53,485 - 
Summary Table for All Batch Sizes:
2025-09-18 15:31:53,485 - Batch Size	Mode	End-to-End Time (s)	Avg Request Time (s)	Throughput (req/s)	Avg GPU Util (%)	Avg Mem Util (%)	Avg Mem Used (MB)
2025-09-18 15:31:53,485 - 1	serial	65.45048499107361	14.700592364590683	1.955676875694002	40.47912524850894	22.836978131212724	29174.091451292246
2025-09-18 15:31:53,486 - 1	parallel	58.20231342315674	11.533682471932366	2.1992252965854293	46.34505494505495	29.279120879120878	30374.821978021977
2025-09-18 15:31:53,486 - 2	serial	66.21840770409975	14.300274787812546	1.9329972501298185	42.83469387755102	24.289795918367346	31692.0
2025-09-18 15:31:53,486 - 2	parallel	67.12856413328909	11.167108503073308	1.9067888856649138	47.7007874015748	30.433070866141733	32791.700787401576
2025-09-18 15:31:53,486 - 4	serial	56.089712553453204	14.433348362535934	2.2820584055947277	44.42574257425743	24.97772277227723	34046.0
2025-09-18 15:31:53,486 - 4	parallel	67.10701411566558	9.969393426861522	1.9074012111368766	54.53488372093023	34.890063424947144	34162.16490486258
2025-09-18 15:31:53,486 - 8	serial	58.41250981107239	13.845356000841885	2.1913114230838433	44.05568445475638	24.726218097447795	34460.0
2025-09-18 15:31:53,486 - 8	parallel	59.01550381579985	10.475514464329338	2.1689215837166396	52.17574257425743	33.18069306930693	34766.85643564357
2025-09-18 15:31:53,486 - 16	serial	62.2399999321642	13.904700807690592	2.0565552721643328	43.62149532710281	24.41822429906542	35142.0
2025-09-18 15:31:53,486 - 16	parallel	52.27230159851882	9.929267799264533	2.448715592879633	55.417647058823526	35.06470588235294	35188.81176470588
2025-09-18 15:31:53,486 - 32	serial	54.52714426441886	14.811179865084206	2.347454680173396	45.929577464788736	25.158450704225352	35316.0
2025-09-18 15:31:53,486 - 32	parallel	51.95818147800506	12.65477130196603	2.4635196298043067	54.54245283018868	33.910377358490564	35971.95283018868
2025-09-18 15:31:53,486 - 64	serial	61.11088598876882	21.80866576961727	2.094553170502622	47.59154929577465	26.190140845070424	36688.0
2025-09-18 15:31:53,486 - 64	parallel	55.95947238684332	19.849399576988574	2.2873696720216787	55.65909090909091	34.803030303030305	38090.333333333336
2025-09-18 15:31:53,486 - 128	serial	73.01629797224751	40.91540153941594	1.7530332755113254	44.96875	25.03125	40081.916666666664
2025-09-18 15:31:53,487 - 128	parallel	61.592793545079836	34.86617039252059	2.07816519811391	60.417910447761194	37.56716417910448	42644.388059701494
2025-09-18 15:31:53,487 - Results saved to CSV: example/hf_two_models_poisson.csv
2025-09-18 15:31:54,596 - Batch size performance plot generated at: example/hf_two_models_poisson_batch_plot.png
